[2025-11-29 14:07:35] Запуск P2P пира с обработкой пакетов...
[2025-11-29 14:07:35] [Peer] UUID пира: 02312ceba4586a56625be5ad46f5a238736906a553cb0d1ca7c214296dc5991d5b
[2025-11-29 14:07:35] [Peer] Инициализация пира...
[2025-11-29 14:07:35] [HTTP Proxy] Listening on http://0.0.0.0:80
[2025-11-29 14:07:37] [ERROR] [Connection] Failed to connect (attempt 1/10): Подключение не установлено, т.к. конечный компьютер отверг запрос на подключение. (os error 10061)
[2025-11-29 14:07:42] [Connection] Packet sent successfully
[2025-11-29 14:07:42] [Connection] Connect packet sent successfully
[2025-11-29 14:07:42] [Peer] P2P пир запущен и готов к работе
[2025-11-29 14:07:42] [Connection] Processing messages started
[2025-11-29 14:07:42] [Peer] Подключен к сигнальному серверу: 127.0.0.1:3031
[2025-11-29 14:07:42] [Peer] Your UUID: 02312ceba4586a56625be5ad46f5a238736906a553cb0d1ca7c214296dc5991d5b
[2025-11-29 14:07:42] [Peer] Starting peer...
[2025-11-29 14:07:42] [DEBUG] Starting to handle incoming packets...
[2025-11-29 14:07:43] [Connection] Packet sent successfully
[2025-11-29 14:07:43] [Connection] Peer info request sent successfully
[2025-11-29 14:07:43] [Connection] Starting message processing loop
[2025-11-29 14:07:43] [Connection] Received message from channel
[2025-11-29 14:07:43] [DEBUG] [Connection] Processing GetResponse message
[2025-11-29 14:07:43] [DEBUG] [Connection] Response sent successfully
[2025-11-29 14:07:43] [Connection] Received message from channel
[2025-11-29 14:07:43] [DEBUG] [Connection] Processing GetResponse message
[2025-11-29 14:07:43] [DEBUG] [Connection] Response sent successfully
[2025-11-29 14:07:43] [DEBUG] [Connection] Processing GetResponse message
[2025-11-29 14:07:43] [Connection] Received message from channel
[2025-11-29 14:07:43] [DEBUG] [Connection] Response sent successfully
[2025-11-29 14:07:43] [DEBUG] [Connection] Processing GetResponse message
[2025-11-29 14:07:43] [Connection] Received message from channel
[2025-11-29 14:07:43] [DEBUG] Received signal packet: TransportPacket { act: "request_fragments", to: Some("02312ceba4586a56625be5ad46f5a238736906a553cb0d1ca7c214296dc5991d5b"), data: None, protocol: SIGNAL, peer_key: "03806f899d6d22584dba3bfb87a37afc85b16fa17f11078f8b361116eb60cd9a99", uuid: "762c0512-e941-4c83-9c3a-1f9eaf0cf90e", nodes: [SearchPathNode { uuid: "03806f899d6d22584dba3bfb87a37afc85b16fa17f11078f8b361116eb60cd9a99", public_ip: "80.234.8.6", public_port: 3031 }], signature: Some("e7d19bc162cd8ab166fa089101fe15f1747399ffc7ce51ac9ff20ff4b99d8ffe0806707912682c65ed45a1c7a3cb189a2a2b52aded17fd812db0f66b4c3e31b7") }
[2025-11-29 14:07:43] [Connection] Packet sent successfully
[2025-11-29 14:07:43] [DEBUG] From peer_key: 03806f899d6d22584dba3bfb87a37afc85b16fa17f11078f8b361116eb60cd9a99
[2025-11-29 14:07:43] [DEBUG] Received signal packet: TransportPacket { act: "peer_list", to: Some("02312ceba4586a56625be5ad46f5a238736906a553cb0d1ca7c214296dc5991d5b"), data: Some(SyncPeerInfoData(SyncPeerInfoData { peers: [SyncPeerInfo { uuid: "02312ceba4586a56625be5ad46f5a238736906a553cb0d1ca7c214296dc5991d5b" }] })), protocol: SIGNAL, peer_key: "03806f899d6d22584dba3bfb87a37afc85b16fa17f11078f8b361116eb60cd9a99", uuid: "8b93c186-5eea-44d9-a620-a1b557b1e32c", nodes: [], signature: Some("ad308223367cc2e8a3f99444549915a06d8522f1f409c5404b28a40a5652a42d0bcfcefad7ba90d8e4838d5bfb1f075ba8227b3313a6759f0676c900e1997eb3") }
[2025-11-29 14:07:43] [PEER] Received peer list:
[2025-11-29 14:07:43] [PEER] Peer - KEY: 02312ceba4586a56625be5ad46f5a238736906a553cb0d1ca7c214296dc5991d5b
[2025-11-29 14:07:43] [DEBUG] From peer_key: 03806f899d6d22584dba3bfb87a37afc85b16fa17f11078f8b361116eb60cd9a99
[2025-11-29 14:07:43] [DEBUG] [Connection] Response sent successfully
[2025-11-29 14:07:43] [Connection] Received message from channel
[2025-11-29 14:07:43] [DEBUG] [Connection] Processing GetResponse message
[2025-11-29 14:07:43] [DEBUG] Received signal packet: TransportPacket { act: "request_fragments", to: Some("02312ceba4586a56625be5ad46f5a238736906a553cb0d1ca7c214296dc5991d5b"), data: None, protocol: SIGNAL, peer_key: "03806f899d6d22584dba3bfb87a37afc85b16fa17f11078f8b361116eb60cd9a99", uuid: "6df5e814-dec0-4251-9fb2-841145f46cc9", nodes: [SearchPathNode { uuid: "03806f899d6d22584dba3bfb87a37afc85b16fa17f11078f8b361116eb60cd9a99", public_ip: "80.234.8.6", public_port: 3031 }], signature: Some("bc449f5c0ced3b26c6a3e8b008fb6417c2b7c16ae4ee722196594d123464766548a33e461418d1c2304e93d16e77b5726b35006e512b3b9d5d857a36e0d51ab7") }
[2025-11-29 14:07:43] [Connection] Packet sent successfully
[2025-11-29 14:07:43] [DEBUG] From peer_key: 03806f899d6d22584dba3bfb87a37afc85b16fa17f11078f8b361116eb60cd9a99
[2025-11-29 14:07:43] [DEBUG] Received signal packet: TransportPacket { act: "peer_list", to: Some("02312ceba4586a56625be5ad46f5a238736906a553cb0d1ca7c214296dc5991d5b"), data: Some(SyncPeerInfoData(SyncPeerInfoData { peers: [SyncPeerInfo { uuid: "02312ceba4586a56625be5ad46f5a238736906a553cb0d1ca7c214296dc5991d5b" }] })), protocol: SIGNAL, peer_key: "03806f899d6d22584dba3bfb87a37afc85b16fa17f11078f8b361116eb60cd9a99", uuid: "be652bbe-259d-416d-adac-44747e404c3a", nodes: [], signature: Some("395e6e6a9d12ebdf5be8783f95c26cc362303419751eff4ffa46a2343b0d4d52477f7eaf882b5d9b437f693bc0db0c7c8f2eaff2a0137e1989cee14bf47a315d") }
[2025-11-29 14:07:43] [PEER] Received peer list:
[2025-11-29 14:07:43] [PEER] Peer - KEY: 02312ceba4586a56625be5ad46f5a238736906a553cb0d1ca7c214296dc5991d5b
[2025-11-29 14:07:43] [DEBUG] From peer_key: 03806f899d6d22584dba3bfb87a37afc85b16fa17f11078f8b361116eb60cd9a99
[2025-11-29 14:07:47] [Example] Отправка тестового сообщения...
[2025-11-29 14:07:47] [Example] Пакет успешно отправлен
[2025-11-29 14:07:47] [Connection] Packet sent successfully
[2025-11-29 14:07:52] [Example] Пример использования PeerAPI:
[2025-11-29 14:07:52] [Connection] Packet sent successfully
[2025-11-29 14:07:52] [DEBUG] [Connection] Response sent successfully
[2025-11-29 14:07:52] [DEBUG] [Connection] Processing GetResponse message
[2025-11-29 14:07:52] [Connection] Received message from channel
[2025-11-29 14:07:52] [DEBUG] Received signal packet: TransportPacket { act: "peer_list", to: Some("02312ceba4586a56625be5ad46f5a238736906a553cb0d1ca7c214296dc5991d5b"), data: Some(SyncPeerInfoData(SyncPeerInfoData { peers: [SyncPeerInfo { uuid: "02312ceba4586a56625be5ad46f5a238736906a553cb0d1ca7c214296dc5991d5b" }] })), protocol: SIGNAL, peer_key: "03806f899d6d22584dba3bfb87a37afc85b16fa17f11078f8b361116eb60cd9a99", uuid: "0e14dbd3-5c13-4f3a-ad32-ce617e0c21bd", nodes: [], signature: Some("34875b085c9f3df2fababc068e4db7b933321f4db45807f16782228429960caa524b29fdc1f2b6e217ebb0568d06b621f5b93613e6770395962629f88d3a350d") }
[2025-11-29 14:07:52] [PEER] Received peer list:
[2025-11-29 14:07:52] [PEER] Peer - KEY: 02312ceba4586a56625be5ad46f5a238736906a553cb0d1ca7c214296dc5991d5b
[2025-11-29 14:07:52] [DEBUG] From peer_key: 03806f899d6d22584dba3bfb87a37afc85b16fa17f11078f8b361116eb60cd9a99
