[2025-11-29 14:04:28] Запуск P2P пира...
[2025-11-29 14:04:50] Запуск P2P пира...
[2025-11-29 14:04:50] [Peer] UUID пира: 02312ceba4586a56625be5ad46f5a238736906a553cb0d1ca7c214296dc5991d5b
[2025-11-29 14:04:50] [Peer] Инициализация пира...
[2025-11-29 14:04:50] [HTTP Proxy] Listening on http://0.0.0.0:81
[2025-11-29 14:04:50] [WARNING] [HTTP Proxy] Port 80 is busy, trying 81
[2025-11-29 14:04:50] [Connection] Packet sent successfully
[2025-11-29 14:04:50] [Connection] Connect packet sent successfully
[2025-11-29 14:04:50] [Connection] Processing messages started
[2025-11-29 14:04:50] [Peer] P2P пир запущен и готов к работе
[2025-11-29 14:04:50] [Peer] Подключен к сигнальному серверу: 127.0.0.1:3031
[2025-11-29 14:04:50] [Peer] Your UUID: 02312ceba4586a56625be5ad46f5a238736906a553cb0d1ca7c214296dc5991d5b
[2025-11-29 14:04:50] [Peer] Starting peer...
[2025-11-29 14:04:50] [DEBUG] Starting to handle incoming packets...
[2025-11-29 14:04:50] [Connection] Packet sent successfully
[2025-11-29 14:04:50] [Connection] Peer info request sent successfully
[2025-11-29 14:04:50] [Connection] Starting message processing loop
[2025-11-29 14:04:50] [Connection] Received message from channel
[2025-11-29 14:04:50] [DEBUG] [Connection] Processing GetResponse message
[2025-11-29 14:04:50] [DEBUG] [Connection] Response sent successfully
[2025-11-29 14:04:50] [Connection] Received message from channel
[2025-11-29 14:04:50] [DEBUG] [Connection] Processing GetResponse message
[2025-11-29 14:04:50] [DEBUG] [Connection] Response sent successfully
[2025-11-29 14:04:50] [Connection] Received message from channel
[2025-11-29 14:04:50] [DEBUG] [Connection] Processing GetResponse message
[2025-11-29 14:04:50] [DEBUG] [Connection] Response sent successfully
[2025-11-29 14:04:50] [DEBUG] [Connection] Processing GetResponse message
[2025-11-29 14:04:50] [Connection] Received message from channel
[2025-11-29 14:04:50] [DEBUG] Received signal packet: TransportPacket { act: "request_fragments", to: Some("02312ceba4586a56625be5ad46f5a238736906a553cb0d1ca7c214296dc5991d5b"), data: None, protocol: SIGNAL, peer_key: "03806f899d6d22584dba3bfb87a37afc85b16fa17f11078f8b361116eb60cd9a99", uuid: "9e1110b4-23d1-4fad-8658-73f2e39ae454", nodes: [SearchPathNode { uuid: "03806f899d6d22584dba3bfb87a37afc85b16fa17f11078f8b361116eb60cd9a99", public_ip: "80.234.8.6", public_port: 3031 }], signature: Some("bf0f84bf45ad2f4b3fff0ba94dce8758a7513b0d2e8f3f54d6928e0edd489fd8366035624599ca8e679faab1f2942a783f4a24af1a01ebed1c2fe424df8552ed") }
[2025-11-29 14:04:50] [Connection] Packet sent successfully
[2025-11-29 14:04:50] [DEBUG] From peer_key: 03806f899d6d22584dba3bfb87a37afc85b16fa17f11078f8b361116eb60cd9a99
[2025-11-29 14:04:50] [DEBUG] Received signal packet: TransportPacket { act: "peer_list", to: Some("02312ceba4586a56625be5ad46f5a238736906a553cb0d1ca7c214296dc5991d5b"), data: Some(SyncPeerInfoData(SyncPeerInfoData { peers: [SyncPeerInfo { uuid: "02312ceba4586a56625be5ad46f5a238736906a553cb0d1ca7c214296dc5991d5b" }] })), protocol: SIGNAL, peer_key: "03806f899d6d22584dba3bfb87a37afc85b16fa17f11078f8b361116eb60cd9a99", uuid: "fdef8653-9a65-438f-af78-859384e2f524", nodes: [], signature: Some("266f870275dcca809a91e3a21fb112b0d11915c7d6ffffb8a6a5012f21e6100a6165f5fe8184fbde1ab52fbeb68ed9f8a38ec9b73ce3b7972ee3973cf82d2d34") }
[2025-11-29 14:04:50] [PEER] Received peer list:
[2025-11-29 14:04:50] [PEER] Peer - KEY: 02312ceba4586a56625be5ad46f5a238736906a553cb0d1ca7c214296dc5991d5b
[2025-11-29 14:04:50] [DEBUG] From peer_key: 03806f899d6d22584dba3bfb87a37afc85b16fa17f11078f8b361116eb60cd9a99
[2025-11-29 14:04:50] [DEBUG] [Connection] Response sent successfully
[2025-11-29 14:04:50] [DEBUG] [Connection] Processing GetResponse message
[2025-11-29 14:04:50] [Connection] Received message from channel
[2025-11-29 14:04:50] [DEBUG] Received signal packet: TransportPacket { act: "request_fragments", to: Some("02312ceba4586a56625be5ad46f5a238736906a553cb0d1ca7c214296dc5991d5b"), data: None, protocol: SIGNAL, peer_key: "03806f899d6d22584dba3bfb87a37afc85b16fa17f11078f8b361116eb60cd9a99", uuid: "b9370bf4-d098-4b2a-8511-ff8a07b5a01a", nodes: [SearchPathNode { uuid: "03806f899d6d22584dba3bfb87a37afc85b16fa17f11078f8b361116eb60cd9a99", public_ip: "80.234.8.6", public_port: 3031 }], signature: Some("7ac8e9c7fb88c6657d2dd1898e22e00605523c9cdfc2c01430abfe7647bed61a615b7388a0be0e353b68d6524d2e94e06e850eed36a845a215a39ca4a4575fa3") }
[2025-11-29 14:04:50] [Connection] Packet sent successfully
[2025-11-29 14:04:50] [DEBUG] From peer_key: 03806f899d6d22584dba3bfb87a37afc85b16fa17f11078f8b361116eb60cd9a99
[2025-11-29 14:04:50] [DEBUG] Received signal packet: TransportPacket { act: "peer_list", to: Some("02312ceba4586a56625be5ad46f5a238736906a553cb0d1ca7c214296dc5991d5b"), data: Some(SyncPeerInfoData(SyncPeerInfoData { peers: [SyncPeerInfo { uuid: "02312ceba4586a56625be5ad46f5a238736906a553cb0d1ca7c214296dc5991d5b" }] })), protocol: SIGNAL, peer_key: "03806f899d6d22584dba3bfb87a37afc85b16fa17f11078f8b361116eb60cd9a99", uuid: "6152857d-c477-40d8-9382-dcf438efec75", nodes: [], signature: Some("22407096e6f335653c728b6023724096f594140cbb75a1f8f372db65d6cf741411c361e1abd5cfc8e838442b5e4a58b5478831155e8fcc492e454a5a0a203c63") }
[2025-11-29 14:04:50] [PEER] Received peer list:
[2025-11-29 14:04:50] [DEBUG] From peer_key: 03806f899d6d22584dba3bfb87a37afc85b16fa17f11078f8b361116eb60cd9a99
[2025-11-29 14:04:50] [PEER] Peer - KEY: 02312ceba4586a56625be5ad46f5a238736906a553cb0d1ca7c214296dc5991d5b
[2025-11-29 14:06:55] [ERROR] [Connection] Connection reset by peer: Удаленный хост принудительно разорвал существующее подключение. (os error 10054)
[2025-11-29 14:06:55] [ERROR] [Connection] Failed to receive message: Connection reset by peer
[2025-11-29 14:06:55] [Connection] Attempting to reconnect (attempt 1/10)
