[2025-11-29 15:27:21] Запуск P2P пира с кастомными обработчиками...
[2025-11-29 15:27:21] [Peer] UUID пира: 02312ceba4586a56625be5ad46f5a238736906a553cb0d1ca7c214296dc5991d5b
[2025-11-29 15:27:21] [Peer] Инициализация пира...
[2025-11-29 15:27:21] [HTTP Proxy] Listening on http://0.0.0.0:80
[2025-11-29 15:27:23] [ERROR] [Connection] Failed to connect (attempt 1/10): Подключение не установлено, т.к. конечный компьютер отверг запрос на подключение. (os error 10061)
[2025-11-29 15:27:30] [ERROR] [Connection] Failed to connect (attempt 2/10): Подключение не установлено, т.к. конечный компьютер отверг запрос на подключение. (os error 10061)
[2025-11-29 15:27:37] [ERROR] [Connection] Failed to connect (attempt 3/10): Подключение не установлено, т.к. конечный компьютер отверг запрос на подключение. (os error 10061)
[2025-11-29 15:27:44] [ERROR] [Connection] Failed to connect (attempt 4/10): Подключение не установлено, т.к. конечный компьютер отверг запрос на подключение. (os error 10061)
[2025-11-29 15:27:51] [ERROR] [Connection] Failed to connect (attempt 5/10): Подключение не установлено, т.к. конечный компьютер отверг запрос на подключение. (os error 10061)
[2025-11-29 15:27:58] [ERROR] [Connection] Failed to connect (attempt 6/10): Подключение не установлено, т.к. конечный компьютер отверг запрос на подключение. (os error 10061)
[2025-11-29 15:28:05] [ERROR] [Connection] Failed to connect (attempt 7/10): Подключение не установлено, т.к. конечный компьютер отверг запрос на подключение. (os error 10061)
[2025-11-29 15:28:12] [ERROR] [Connection] Failed to connect (attempt 8/10): Подключение не установлено, т.к. конечный компьютер отверг запрос на подключение. (os error 10061)
[2025-11-29 15:28:19] [ERROR] [Connection] Failed to connect (attempt 9/10): Подключение не установлено, т.к. конечный компьютер отверг запрос на подключение. (os error 10061)
[2025-11-29 15:28:26] [ERROR] [Connection] Failed to connect (attempt 10/10): Подключение не установлено, т.к. конечный компьютер отверг запрос на подключение. (os error 10061)
[2025-11-29 15:29:06] Запуск P2P пира с кастомными обработчиками...
[2025-11-29 15:29:06] [Peer] UUID пира: 02312ceba4586a56625be5ad46f5a238736906a553cb0d1ca7c214296dc5991d5b
[2025-11-29 15:29:06] [Peer] Инициализация пира...
[2025-11-29 15:29:06] [HTTP Proxy] Listening on http://0.0.0.0:80
[2025-11-29 15:29:08] [ERROR] [Connection] Failed to connect (attempt 1/10): Подключение не установлено, т.к. конечный компьютер отверг запрос на подключение. (os error 10061)
[2025-11-29 15:29:15] [ERROR] [Connection] Failed to connect (attempt 2/10): Подключение не установлено, т.к. конечный компьютер отверг запрос на подключение. (os error 10061)
[2025-11-29 15:29:22] [ERROR] [Connection] Failed to connect (attempt 3/10): Подключение не установлено, т.к. конечный компьютер отверг запрос на подключение. (os error 10061)
[2025-11-29 15:29:29] [ERROR] [Connection] Failed to connect (attempt 4/10): Подключение не установлено, т.к. конечный компьютер отверг запрос на подключение. (os error 10061)
[2025-11-29 15:29:36] [ERROR] [Connection] Failed to connect (attempt 5/10): Подключение не установлено, т.к. конечный компьютер отверг запрос на подключение. (os error 10061)
[2025-11-29 15:29:41] [Connection] Packet sent successfully
[2025-11-29 15:29:41] [Connection] Connect packet sent successfully
[2025-11-29 15:29:41] [Connection] Processing messages started
[2025-11-29 15:29:41] [Peer] Регистрация кастомных обработчиков...
[2025-11-29 15:29:41] [Peer] Кастомные обработчики зарегистрированы
[2025-11-29 15:29:41] [Peer] Пытаюсь подключиться к сигнальному серверу: 127.0.0.1:3031
[2025-11-29 15:29:41] [Peer] Убедитесь, что сигнальный сервер запущен!
[2025-11-29 15:29:41] [Peer] Для запуска сигнального сервера используйте: cargo run --example daemon_example
[2025-11-29 15:29:41] [Peer] P2P пир запущен и готов к работе
[2025-11-29 15:29:41] [Peer] Запуск основного цикла обработки пакетов...
[2025-11-29 15:29:41] [Peer] Your UUID: 02312ceba4586a56625be5ad46f5a238736906a553cb0d1ca7c214296dc5991d5b
[2025-11-29 15:29:41] [Peer] Starting peer...
[2025-11-29 15:29:41] [DEBUG] Starting to handle incoming packets...
[2025-11-29 15:29:41] [Connection] Packet sent successfully
[2025-11-29 15:29:41] [Connection] Peer info request sent successfully
[2025-11-29 15:29:41] [Connection] Starting message processing loop
[2025-11-29 15:29:41] [Connection] Received message from channel
[2025-11-29 15:29:41] [DEBUG] [Connection] Processing GetResponse message
[2025-11-29 15:29:41] [DEBUG] [Connection] Response sent successfully
[2025-11-29 15:29:41] [Connection] Received message from channel
[2025-11-29 15:29:41] [DEBUG] [Connection] Processing GetResponse message
[2025-11-29 15:29:41] [DEBUG] [Connection] Response sent successfully
[2025-11-29 15:29:41] [Connection] Received message from channel
[2025-11-29 15:29:41] [DEBUG] [Connection] Processing GetResponse message
[2025-11-29 15:29:41] [DEBUG] [Connection] Response sent successfully
[2025-11-29 15:29:41] [DEBUG] [Connection] Processing GetResponse message
[2025-11-29 15:29:41] [Connection] Received message from channel
[2025-11-29 15:29:41] [DEBUG] Received signal packet: TransportPacket { act: "request_fragments", to: Some("02312ceba4586a56625be5ad46f5a238736906a553cb0d1ca7c214296dc5991d5b"), data: None, protocol: SIGNAL, peer_key: "03806f899d6d22584dba3bfb87a37afc85b16fa17f11078f8b361116eb60cd9a99", uuid: "26ee69b1-0e3b-4960-8a62-4b1c8c48a868", nodes: [SearchPathNode { uuid: "03806f899d6d22584dba3bfb87a37afc85b16fa17f11078f8b361116eb60cd9a99", public_ip: "80.234.8.6", public_port: 3031 }], signature: Some("7c04b50d69089f5b9e56e141a2864c5749c3556ef17422cd6cecc8b964eefa6b56bb0c0110e59eed9b9af7d1350cf3b0a8b53c0ddf9f09533d49cd13a1856c34") }
[2025-11-29 15:29:41] [Connection] Packet sent successfully
[2025-11-29 15:29:41] [DEBUG] From peer_key: 03806f899d6d22584dba3bfb87a37afc85b16fa17f11078f8b361116eb60cd9a99
[2025-11-29 15:29:41] [DEBUG] Received signal packet: TransportPacket { act: "peer_list", to: Some("02312ceba4586a56625be5ad46f5a238736906a553cb0d1ca7c214296dc5991d5b"), data: Some(SyncPeerInfoData(SyncPeerInfoData { peers: [SyncPeerInfo { uuid: "02312ceba4586a56625be5ad46f5a238736906a553cb0d1ca7c214296dc5991d5b" }] })), protocol: SIGNAL, peer_key: "03806f899d6d22584dba3bfb87a37afc85b16fa17f11078f8b361116eb60cd9a99", uuid: "d6a1bf0e-fee7-4efd-b8e3-e28da5c91f5b", nodes: [], signature: Some("3e78454055276f9357360e4b924bf1e850c2a2811605e0a4b945062148ccd90749b90586d50e8de520ad1f5ab4f688b237cdae39ee5f155294183cfb8eb74000") }
[2025-11-29 15:29:41] [PEER] Received peer list:
[2025-11-29 15:29:41] [PEER] Peer - KEY: 02312ceba4586a56625be5ad46f5a238736906a553cb0d1ca7c214296dc5991d5b
[2025-11-29 15:29:41] [DEBUG] From peer_key: 03806f899d6d22584dba3bfb87a37afc85b16fa17f11078f8b361116eb60cd9a99
[2025-11-29 15:29:41] [DEBUG] [Connection] Response sent successfully
[2025-11-29 15:29:41] [DEBUG] [Connection] Processing GetResponse message
[2025-11-29 15:29:41] [Connection] Received message from channel
[2025-11-29 15:29:41] [DEBUG] Received signal packet: TransportPacket { act: "request_fragments", to: Some("02312ceba4586a56625be5ad46f5a238736906a553cb0d1ca7c214296dc5991d5b"), data: None, protocol: SIGNAL, peer_key: "03806f899d6d22584dba3bfb87a37afc85b16fa17f11078f8b361116eb60cd9a99", uuid: "38d19852-6db5-411f-8fbf-2d593f0e43b9", nodes: [SearchPathNode { uuid: "03806f899d6d22584dba3bfb87a37afc85b16fa17f11078f8b361116eb60cd9a99", public_ip: "80.234.8.6", public_port: 3031 }], signature: Some("4aa38565b895117f9e9beaad52fecee99a9cb596a144b13b7f327f56094a964e1e635ba109b382ba83c018c0c6974249724f0883294f2a03e28e854de9f1edfa") }
[2025-11-29 15:29:41] [Connection] Packet sent successfully
[2025-11-29 15:29:41] [DEBUG] From peer_key: 03806f899d6d22584dba3bfb87a37afc85b16fa17f11078f8b361116eb60cd9a99
[2025-11-29 15:29:41] [DEBUG] Received signal packet: TransportPacket { act: "peer_list", to: Some("02312ceba4586a56625be5ad46f5a238736906a553cb0d1ca7c214296dc5991d5b"), data: Some(SyncPeerInfoData(SyncPeerInfoData { peers: [SyncPeerInfo { uuid: "02312ceba4586a56625be5ad46f5a238736906a553cb0d1ca7c214296dc5991d5b" }] })), protocol: SIGNAL, peer_key: "03806f899d6d22584dba3bfb87a37afc85b16fa17f11078f8b361116eb60cd9a99", uuid: "2340ee15-35f3-4400-90e2-42ee38c0bf4d", nodes: [], signature: Some("c5c9c2439e23e7c623e62c0e5728e872aafcf614718443a67cce57be13c65d74233c5c6b38f5380020a487ddd73caee7b057b09b7bfcad9be9229bc38e72a30f") }
[2025-11-29 15:29:41] [PEER] Received peer list:
[2025-11-29 15:29:41] [DEBUG] From peer_key: 03806f899d6d22584dba3bfb87a37afc85b16fa17f11078f8b361116eb60cd9a99
[2025-11-29 15:29:41] [PEER] Peer - KEY: 02312ceba4586a56625be5ad46f5a238736906a553cb0d1ca7c214296dc5991d5b
[2025-11-29 15:34:41] [DEBUG] [Connection] Response sent successfully
[2025-11-29 15:34:41] [DEBUG] [Connection] Processing GetResponse message
[2025-11-29 15:34:41] [Connection] Received message from channel
[2025-11-29 15:34:41] [DEBUG] Received signal packet: TransportPacket { act: "request_fragments", to: Some("02312ceba4586a56625be5ad46f5a238736906a553cb0d1ca7c214296dc5991d5b"), data: None, protocol: SIGNAL, peer_key: "03806f899d6d22584dba3bfb87a37afc85b16fa17f11078f8b361116eb60cd9a99", uuid: "caeaa470-1961-457b-93fc-57695fee6445", nodes: [], signature: Some("f9dbc1f737a4a1c78475a003e1a85744277860fe0df40237a6847781c39418ae24034d8d7e616e3b45a0b270e1ff6a441ff64abc88959cf1bfab671eba7ef6ed") }
[2025-11-29 15:34:41] [Connection] Packet sent successfully
[2025-11-29 15:34:41] [DEBUG] From peer_key: 03806f899d6d22584dba3bfb87a37afc85b16fa17f11078f8b361116eb60cd9a99
[2025-11-29 15:39:41] [DEBUG] [Connection] Response sent successfully
[2025-11-29 15:39:41] [DEBUG] [Connection] Processing GetResponse message
[2025-11-29 15:39:41] [Connection] Received message from channel
[2025-11-29 15:39:41] [DEBUG] Received signal packet: TransportPacket { act: "request_fragments", to: Some("02312ceba4586a56625be5ad46f5a238736906a553cb0d1ca7c214296dc5991d5b"), data: None, protocol: SIGNAL, peer_key: "03806f899d6d22584dba3bfb87a37afc85b16fa17f11078f8b361116eb60cd9a99", uuid: "02337a05-782f-41cd-9301-56b245bc0a32", nodes: [], signature: Some("d42a810310bcdc9ff0054d9b0a37e5d6f01ed793946649e6dc340c46e481361f68166c1dda8ea9e57e30f24a72b7c2e69d92838aedd3baad44e29169f613b4e2") }
[2025-11-29 15:39:41] [Connection] Packet sent successfully
[2025-11-29 15:39:41] [DEBUG] From peer_key: 03806f899d6d22584dba3bfb87a37afc85b16fa17f11078f8b361116eb60cd9a99
[2025-11-29 15:44:41] [DEBUG] [Connection] Response sent successfully
[2025-11-29 15:44:41] [DEBUG] [Connection] Processing GetResponse message
[2025-11-29 15:44:41] [Connection] Received message from channel
[2025-11-29 15:44:41] [DEBUG] Received signal packet: TransportPacket { act: "request_fragments", to: Some("02312ceba4586a56625be5ad46f5a238736906a553cb0d1ca7c214296dc5991d5b"), data: None, protocol: SIGNAL, peer_key: "03806f899d6d22584dba3bfb87a37afc85b16fa17f11078f8b361116eb60cd9a99", uuid: "f79d9ddb-9951-4a8d-a2d6-b151ff1f92dd", nodes: [], signature: Some("20ef47c9de4eb73c3efae598fbde4c05c9a1836849cb19cf93b6af324c1be17f5464875135fed055703090d2caa123b01228c9095a8fae3b6297f00a502e4570") }
[2025-11-29 15:44:41] [Connection] Packet sent successfully
[2025-11-29 15:44:41] [DEBUG] From peer_key: 03806f899d6d22584dba3bfb87a37afc85b16fa17f11078f8b361116eb60cd9a99
[2025-11-29 15:49:41] [DEBUG] [Connection] Response sent successfully
[2025-11-29 15:49:41] [DEBUG] [Connection] Processing GetResponse message
[2025-11-29 15:49:41] [Connection] Received message from channel
[2025-11-29 15:49:41] [DEBUG] Received signal packet: TransportPacket { act: "request_fragments", to: Some("02312ceba4586a56625be5ad46f5a238736906a553cb0d1ca7c214296dc5991d5b"), data: None, protocol: SIGNAL, peer_key: "03806f899d6d22584dba3bfb87a37afc85b16fa17f11078f8b361116eb60cd9a99", uuid: "61dc63f5-2578-4989-9e87-2260bd7ab76a", nodes: [], signature: Some("8e4e4d01a013454606b4be8308bfca6242e7bff178ae7f3211036cf3676bb26264e1b9f95ca307e19cc6d855053e28f55d04bbfc45ef3511c68dca8df2b93aef") }
[2025-11-29 15:49:41] [Connection] Packet sent successfully
[2025-11-29 15:49:41] [DEBUG] From peer_key: 03806f899d6d22584dba3bfb87a37afc85b16fa17f11078f8b361116eb60cd9a99
[2025-11-29 15:54:41] [DEBUG] [Connection] Response sent successfully
[2025-11-29 15:54:41] [DEBUG] [Connection] Processing GetResponse message
[2025-11-29 15:54:41] [Connection] Received message from channel
[2025-11-29 15:54:41] [DEBUG] Received signal packet: TransportPacket { act: "request_fragments", to: Some("02312ceba4586a56625be5ad46f5a238736906a553cb0d1ca7c214296dc5991d5b"), data: None, protocol: SIGNAL, peer_key: "03806f899d6d22584dba3bfb87a37afc85b16fa17f11078f8b361116eb60cd9a99", uuid: "05a6b886-9c13-431c-bf11-5c369652a57c", nodes: [], signature: Some("33880b26b32d4074589c06619b892621ff7ddc28ecf48ff4376a74eee94209042cadc444f6df180aa6cda31a58cb8c8aa9f90e12baf07cdf852667a439d6a878") }
[2025-11-29 15:54:41] [Connection] Packet sent successfully
[2025-11-29 15:54:41] [DEBUG] From peer_key: 03806f899d6d22584dba3bfb87a37afc85b16fa17f11078f8b361116eb60cd9a99
[2025-11-29 15:59:41] [DEBUG] [Connection] Response sent successfully
[2025-11-29 15:59:41] [DEBUG] [Connection] Processing GetResponse message
[2025-11-29 15:59:41] [Connection] Received message from channel
[2025-11-29 15:59:41] [DEBUG] Received signal packet: TransportPacket { act: "request_fragments", to: Some("02312ceba4586a56625be5ad46f5a238736906a553cb0d1ca7c214296dc5991d5b"), data: None, protocol: SIGNAL, peer_key: "03806f899d6d22584dba3bfb87a37afc85b16fa17f11078f8b361116eb60cd9a99", uuid: "ebc278cc-51a2-42a7-b150-8023a6a16321", nodes: [], signature: Some("7f75f246cd142f99af05882b5a7b562352002cc6d3e65eeaf2f8dc2ce190010c1adf95d13e157c25b248f180f7dc6890227dea5678f4d5d3f5d348ae36819e57") }
[2025-11-29 15:59:41] [Connection] Packet sent successfully
[2025-11-29 15:59:41] [DEBUG] From peer_key: 03806f899d6d22584dba3bfb87a37afc85b16fa17f11078f8b361116eb60cd9a99
[2025-11-29 16:04:41] [DEBUG] [Connection] Response sent successfully
[2025-11-29 16:04:41] [DEBUG] [Connection] Processing GetResponse message
[2025-11-29 16:04:41] [Connection] Received message from channel
[2025-11-29 16:04:41] [DEBUG] Received signal packet: TransportPacket { act: "request_fragments", to: Some("02312ceba4586a56625be5ad46f5a238736906a553cb0d1ca7c214296dc5991d5b"), data: None, protocol: SIGNAL, peer_key: "03806f899d6d22584dba3bfb87a37afc85b16fa17f11078f8b361116eb60cd9a99", uuid: "fe5ac21a-432a-46b3-a801-8e668b343f16", nodes: [], signature: Some("f8dca3c1d6db48cfeb8d6152810bab541a666dc24e9b2ed8ffc191e18a39338e7bc781c2af667593be452de8897eb0e6b90a3e952c809be5acd877460ec60aaf") }
[2025-11-29 16:04:41] [Connection] Packet sent successfully
[2025-11-29 16:04:41] [DEBUG] From peer_key: 03806f899d6d22584dba3bfb87a37afc85b16fa17f11078f8b361116eb60cd9a99
[2025-11-29 16:09:41] [DEBUG] [Connection] Response sent successfully
[2025-11-29 16:09:41] [DEBUG] [Connection] Processing GetResponse message
[2025-11-29 16:09:41] [Connection] Received message from channel
[2025-11-29 16:09:41] [DEBUG] Received signal packet: TransportPacket { act: "request_fragments", to: Some("02312ceba4586a56625be5ad46f5a238736906a553cb0d1ca7c214296dc5991d5b"), data: None, protocol: SIGNAL, peer_key: "03806f899d6d22584dba3bfb87a37afc85b16fa17f11078f8b361116eb60cd9a99", uuid: "ad220bc6-a791-42d1-a9ac-1beffc06f43c", nodes: [], signature: Some("a5e085fcd21a666a47a9fa4e9868eaf94a8cee872cc58af5e053817493a9cedb5e600b62eb3e7ca30c1ae842dfab4e12eb6f2e518fe3b4afcb98555fbf9da743") }
[2025-11-29 16:09:41] [Connection] Packet sent successfully
[2025-11-29 16:09:41] [DEBUG] From peer_key: 03806f899d6d22584dba3bfb87a37afc85b16fa17f11078f8b361116eb60cd9a99
[2025-11-29 16:14:41] [DEBUG] [Connection] Response sent successfully
[2025-11-29 16:14:41] [DEBUG] [Connection] Processing GetResponse message
[2025-11-29 16:14:41] [Connection] Received message from channel
[2025-11-29 16:14:41] [DEBUG] Received signal packet: TransportPacket { act: "request_fragments", to: Some("02312ceba4586a56625be5ad46f5a238736906a553cb0d1ca7c214296dc5991d5b"), data: None, protocol: SIGNAL, peer_key: "03806f899d6d22584dba3bfb87a37afc85b16fa17f11078f8b361116eb60cd9a99", uuid: "87897062-00d7-4e8b-b9be-0cd7017aabfd", nodes: [], signature: Some("7c7d04840908a25b7c41d558d9ef88e2ff52274d0b258aee47fd2d8ede9bb13f162d0a7558ee6e6bb8ff8d4bab5842af569b51c3806c6afdbf85884633d35b22") }
[2025-11-29 16:14:41] [Connection] Packet sent successfully
[2025-11-29 16:14:41] [DEBUG] From peer_key: 03806f899d6d22584dba3bfb87a37afc85b16fa17f11078f8b361116eb60cd9a99
[2025-11-29 16:19:41] [DEBUG] [Connection] Response sent successfully
[2025-11-29 16:19:41] [DEBUG] [Connection] Processing GetResponse message
[2025-11-29 16:19:41] [Connection] Received message from channel
[2025-11-29 16:19:41] [DEBUG] Received signal packet: TransportPacket { act: "request_fragments", to: Some("02312ceba4586a56625be5ad46f5a238736906a553cb0d1ca7c214296dc5991d5b"), data: None, protocol: SIGNAL, peer_key: "03806f899d6d22584dba3bfb87a37afc85b16fa17f11078f8b361116eb60cd9a99", uuid: "176b9946-119b-424b-9306-c6417ba93f34", nodes: [], signature: Some("feb0c8be5e5be2ecade50376cdbb5b8e46ecd590848198e11f8e1db917c9d48227974ebf0791c8ee901a4c1e802e96cabc7b679a7ff2c48886e24f606465413e") }
[2025-11-29 16:19:41] [Connection] Packet sent successfully
[2025-11-29 16:19:41] [DEBUG] From peer_key: 03806f899d6d22584dba3bfb87a37afc85b16fa17f11078f8b361116eb60cd9a99
[2025-11-29 16:24:41] [DEBUG] [Connection] Response sent successfully
[2025-11-29 16:24:41] [DEBUG] [Connection] Processing GetResponse message
[2025-11-29 16:24:41] [Connection] Received message from channel
[2025-11-29 16:24:41] [DEBUG] Received signal packet: TransportPacket { act: "request_fragments", to: Some("02312ceba4586a56625be5ad46f5a238736906a553cb0d1ca7c214296dc5991d5b"), data: None, protocol: SIGNAL, peer_key: "03806f899d6d22584dba3bfb87a37afc85b16fa17f11078f8b361116eb60cd9a99", uuid: "d55a425a-8ccc-4073-bc4f-d418bbfa9410", nodes: [], signature: Some("6767ed1d097ffc2c10ef0f54118580e5155bc6252052e93c60db13e7aaf884fa4e846dd0aa50f4c55f78eb9685d7b42119763ace1e4bd79fce815fee17764aa8") }
[2025-11-29 16:24:41] [Connection] Packet sent successfully
[2025-11-29 16:24:41] [DEBUG] From peer_key: 03806f899d6d22584dba3bfb87a37afc85b16fa17f11078f8b361116eb60cd9a99
[2025-11-29 16:29:41] [DEBUG] [Connection] Response sent successfully
[2025-11-29 16:29:41] [DEBUG] [Connection] Processing GetResponse message
[2025-11-29 16:29:41] [Connection] Received message from channel
[2025-11-29 16:29:41] [DEBUG] Received signal packet: TransportPacket { act: "request_fragments", to: Some("02312ceba4586a56625be5ad46f5a238736906a553cb0d1ca7c214296dc5991d5b"), data: None, protocol: SIGNAL, peer_key: "03806f899d6d22584dba3bfb87a37afc85b16fa17f11078f8b361116eb60cd9a99", uuid: "ed97c4fb-84e2-4870-b7ff-6e0f32d55f12", nodes: [], signature: Some("9543b0a2576b8e0f7760a899963e8b6ef1f00429f3d3954abef675ce8618312329a2191b74ea5f8935853540d4cc3f35c49b43193f411c6dcaa996c48054ba8f") }
[2025-11-29 16:29:41] [Connection] Packet sent successfully
[2025-11-29 16:29:41] [DEBUG] From peer_key: 03806f899d6d22584dba3bfb87a37afc85b16fa17f11078f8b361116eb60cd9a99
[2025-11-29 16:34:41] [DEBUG] [Connection] Response sent successfully
[2025-11-29 16:34:41] [DEBUG] [Connection] Processing GetResponse message
[2025-11-29 16:34:41] [Connection] Received message from channel
[2025-11-29 16:34:41] [DEBUG] Received signal packet: TransportPacket { act: "request_fragments", to: Some("02312ceba4586a56625be5ad46f5a238736906a553cb0d1ca7c214296dc5991d5b"), data: None, protocol: SIGNAL, peer_key: "03806f899d6d22584dba3bfb87a37afc85b16fa17f11078f8b361116eb60cd9a99", uuid: "36b00be4-204d-46ed-9a9a-50ad20351581", nodes: [], signature: Some("8398e20d30913ef624d77e23820ee1a10e1fa41b2bbdb1581140889248e60ccf36e0eb0743efcb0fa6bebe3e5b08ecf564249436e6dbb2b918061c1a986b27e4") }
[2025-11-29 16:34:41] [Connection] Packet sent successfully
[2025-11-29 16:34:41] [DEBUG] From peer_key: 03806f899d6d22584dba3bfb87a37afc85b16fa17f11078f8b361116eb60cd9a99
[2025-11-29 16:39:41] [DEBUG] [Connection] Response sent successfully
[2025-11-29 16:39:41] [DEBUG] [Connection] Processing GetResponse message
[2025-11-29 16:39:41] [Connection] Received message from channel
[2025-11-29 16:39:41] [DEBUG] Received signal packet: TransportPacket { act: "request_fragments", to: Some("02312ceba4586a56625be5ad46f5a238736906a553cb0d1ca7c214296dc5991d5b"), data: None, protocol: SIGNAL, peer_key: "03806f899d6d22584dba3bfb87a37afc85b16fa17f11078f8b361116eb60cd9a99", uuid: "6115c624-d3d1-4271-8445-4d42cf471335", nodes: [], signature: Some("6f013e8fd237cebae673fd9143a9b974419b98d3db7636b13a4163920c8875b1022112e5e870ba3c6d5d2aa545c89840d3c756f6625cdd8981e5bf3581e71ee8") }
[2025-11-29 16:39:41] [Connection] Packet sent successfully
[2025-11-29 16:39:41] [DEBUG] From peer_key: 03806f899d6d22584dba3bfb87a37afc85b16fa17f11078f8b361116eb60cd9a99
[2025-11-29 16:44:41] [DEBUG] [Connection] Response sent successfully
[2025-11-29 16:44:41] [DEBUG] [Connection] Processing GetResponse message
[2025-11-29 16:44:41] [Connection] Received message from channel
[2025-11-29 16:44:41] [DEBUG] Received signal packet: TransportPacket { act: "request_fragments", to: Some("02312ceba4586a56625be5ad46f5a238736906a553cb0d1ca7c214296dc5991d5b"), data: None, protocol: SIGNAL, peer_key: "03806f899d6d22584dba3bfb87a37afc85b16fa17f11078f8b361116eb60cd9a99", uuid: "f5ae9137-12ef-40a7-a03b-acf56fa68c47", nodes: [], signature: Some("5bf1a1d7bec9970f7b2dbc48019c474feac4f7e66725d76eb8f2e8e6433d43516fed93a92591f368a95f8cf5267ac7912b5f50d0ae501d31d2b2d46bc1cfa367") }
[2025-11-29 16:44:41] [DEBUG] From peer_key: 03806f899d6d22584dba3bfb87a37afc85b16fa17f11078f8b361116eb60cd9a99
[2025-11-29 16:44:41] [Connection] Packet sent successfully
[2025-11-29 16:49:41] [DEBUG] [Connection] Response sent successfully
[2025-11-29 16:49:41] [DEBUG] [Connection] Processing GetResponse message
[2025-11-29 16:49:41] [Connection] Received message from channel
[2025-11-29 16:49:41] [DEBUG] Received signal packet: TransportPacket { act: "request_fragments", to: Some("02312ceba4586a56625be5ad46f5a238736906a553cb0d1ca7c214296dc5991d5b"), data: None, protocol: SIGNAL, peer_key: "03806f899d6d22584dba3bfb87a37afc85b16fa17f11078f8b361116eb60cd9a99", uuid: "ce234713-b440-43cb-ab5b-165160171bb2", nodes: [], signature: Some("47561dc9579f5c397de445d1845e143dbd04b43dfd283e62fddcd5be5a6ca6a85a0ee89bf39ca13aab920690c81ec99e653195030397a72047fbdfd512e9a37d") }
[2025-11-29 16:49:41] [Connection] Packet sent successfully
[2025-11-29 16:49:41] [DEBUG] From peer_key: 03806f899d6d22584dba3bfb87a37afc85b16fa17f11078f8b361116eb60cd9a99
[2025-11-29 16:54:41] [DEBUG] [Connection] Response sent successfully
[2025-11-29 16:54:41] [DEBUG] [Connection] Processing GetResponse message
[2025-11-29 16:54:41] [Connection] Received message from channel
[2025-11-29 16:54:42] [DEBUG] From peer_key: 03806f899d6d22584dba3bfb87a37afc85b16fa17f11078f8b361116eb60cd9a99
[2025-11-29 16:54:41] [DEBUG] Received signal packet: TransportPacket { act: "request_fragments", to: Some("02312ceba4586a56625be5ad46f5a238736906a553cb0d1ca7c214296dc5991d5b"), data: None, protocol: SIGNAL, peer_key: "03806f899d6d22584dba3bfb87a37afc85b16fa17f11078f8b361116eb60cd9a99", uuid: "074590ad-fdda-443e-923a-4e1131eaa4f1", nodes: [], signature: Some("76ffcb2eb3756f576dfff36399b3d973993250539e21348630027ed2051367de27ffcfc70342fdaad54a0a0c697fdd1aa8297bcd1efc8a6d94e6cc4e278754df") }
[2025-11-29 16:54:42] [Connection] Packet sent successfully
[2025-11-29 16:59:41] [DEBUG] [Connection] Response sent successfully
[2025-11-29 16:59:41] [DEBUG] [Connection] Processing GetResponse message
[2025-11-29 16:59:41] [Connection] Received message from channel
[2025-11-29 16:59:41] [DEBUG] Received signal packet: TransportPacket { act: "request_fragments", to: Some("02312ceba4586a56625be5ad46f5a238736906a553cb0d1ca7c214296dc5991d5b"), data: None, protocol: SIGNAL, peer_key: "03806f899d6d22584dba3bfb87a37afc85b16fa17f11078f8b361116eb60cd9a99", uuid: "9822ecb0-c48e-42a5-aadd-6ee011ce36e6", nodes: [], signature: Some("acd77d35568cd64e4a5e012bdd0ddd62a0691d05c176b0bf8e5a5d8006ff743224d9410ac99f333321a41de37c79048c44f4d13d3f8d64ead9e8664b46d0bafd") }
[2025-11-29 16:59:41] [Connection] Packet sent successfully
[2025-11-29 16:59:41] [DEBUG] From peer_key: 03806f899d6d22584dba3bfb87a37afc85b16fa17f11078f8b361116eb60cd9a99
[2025-11-29 17:04:41] [DEBUG] [Connection] Response sent successfully
[2025-11-29 17:04:41] [DEBUG] [Connection] Processing GetResponse message
[2025-11-29 17:04:41] [Connection] Received message from channel
[2025-11-29 17:04:41] [DEBUG] Received signal packet: TransportPacket { act: "request_fragments", to: Some("02312ceba4586a56625be5ad46f5a238736906a553cb0d1ca7c214296dc5991d5b"), data: None, protocol: SIGNAL, peer_key: "03806f899d6d22584dba3bfb87a37afc85b16fa17f11078f8b361116eb60cd9a99", uuid: "42dc6368-7d14-496a-91dc-2df2b025032f", nodes: [], signature: Some("43290f3e10249834ba9b348628b694d715d4bc7ae31602ba5ef35c6ab00c6c2130e1aca547d49f0d7ec19c13856baf5e4ac865b70398b1ef4d75634cca5e9ae6") }
[2025-11-29 17:04:41] [Connection] Packet sent successfully
[2025-11-29 17:04:41] [DEBUG] From peer_key: 03806f899d6d22584dba3bfb87a37afc85b16fa17f11078f8b361116eb60cd9a99
[2025-11-29 17:09:41] [DEBUG] [Connection] Response sent successfully
[2025-11-29 17:09:41] [DEBUG] [Connection] Processing GetResponse message
[2025-11-29 17:09:41] [Connection] Received message from channel
[2025-11-29 17:09:41] [DEBUG] Received signal packet: TransportPacket { act: "request_fragments", to: Some("02312ceba4586a56625be5ad46f5a238736906a553cb0d1ca7c214296dc5991d5b"), data: None, protocol: SIGNAL, peer_key: "03806f899d6d22584dba3bfb87a37afc85b16fa17f11078f8b361116eb60cd9a99", uuid: "e955716e-db5a-495f-8e35-c6fa61ca3c62", nodes: [], signature: Some("260c6cef15173064f9b935553d51f72feaad0a4418d998af3838df3761ef09e153f8a601c1ceeccfd93148312fca66dd942e4b85e4ca4090f5b415bc032cf650") }
[2025-11-29 17:09:41] [Connection] Packet sent successfully
[2025-11-29 17:09:41] [DEBUG] From peer_key: 03806f899d6d22584dba3bfb87a37afc85b16fa17f11078f8b361116eb60cd9a99
[2025-11-29 17:14:41] [DEBUG] [Connection] Response sent successfully
[2025-11-29 17:14:41] [DEBUG] [Connection] Processing GetResponse message
[2025-11-29 17:14:41] [Connection] Received message from channel
[2025-11-29 17:14:41] [DEBUG] Received signal packet: TransportPacket { act: "request_fragments", to: Some("02312ceba4586a56625be5ad46f5a238736906a553cb0d1ca7c214296dc5991d5b"), data: None, protocol: SIGNAL, peer_key: "03806f899d6d22584dba3bfb87a37afc85b16fa17f11078f8b361116eb60cd9a99", uuid: "62868a2f-d977-40c4-b6fd-084f2174914c", nodes: [], signature: Some("0ca5e59afcbf8e296d6d13981e1ef7e66222022433effddc31d6a5c95eeb36b47042078f1591b587c2a3e8950d36b6da325693135ed4c2aeb92fa45c914db20b") }
[2025-11-29 17:14:41] [Connection] Packet sent successfully
[2025-11-29 17:14:41] [DEBUG] From peer_key: 03806f899d6d22584dba3bfb87a37afc85b16fa17f11078f8b361116eb60cd9a99
[2025-11-29 17:19:41] [DEBUG] [Connection] Response sent successfully
[2025-11-29 17:19:41] [DEBUG] [Connection] Processing GetResponse message
[2025-11-29 17:19:41] [Connection] Received message from channel
[2025-11-29 17:19:41] [DEBUG] Received signal packet: TransportPacket { act: "request_fragments", to: Some("02312ceba4586a56625be5ad46f5a238736906a553cb0d1ca7c214296dc5991d5b"), data: None, protocol: SIGNAL, peer_key: "03806f899d6d22584dba3bfb87a37afc85b16fa17f11078f8b361116eb60cd9a99", uuid: "05f55f69-69d5-4969-8b09-6461ade060a0", nodes: [], signature: Some("aa18f0476caec6879e0e322b5852cf214d03d45ffff2433f5622b4d69db90d1b3132613c47de509a6b01c8d7aa4ea1ca87a39a4699727decbcaf1a4bb237af0f") }
[2025-11-29 17:19:41] [Connection] Packet sent successfully
[2025-11-29 17:19:41] [DEBUG] From peer_key: 03806f899d6d22584dba3bfb87a37afc85b16fa17f11078f8b361116eb60cd9a99
[2025-11-29 17:24:42] [DEBUG] [Connection] Response sent successfully
[2025-11-29 17:24:42] [DEBUG] [Connection] Processing GetResponse message
[2025-11-29 17:24:42] [Connection] Received message from channel
[2025-11-29 17:24:42] [DEBUG] Received signal packet: TransportPacket { act: "request_fragments", to: Some("02312ceba4586a56625be5ad46f5a238736906a553cb0d1ca7c214296dc5991d5b"), data: None, protocol: SIGNAL, peer_key: "03806f899d6d22584dba3bfb87a37afc85b16fa17f11078f8b361116eb60cd9a99", uuid: "914e271e-7b84-4bd4-9e58-1a3bc030c827", nodes: [], signature: Some("22f8af5ed695cdc837f9c2a5cd931b96d248f060e2ef7026c1b13b0231224ca669f3da67f3940e8c1147c99147d7a45e2c6cf7e28a077b8924ed2f2d4a9b25ef") }
[2025-11-29 17:24:42] [Connection] Packet sent successfully
[2025-11-29 17:24:42] [DEBUG] From peer_key: 03806f899d6d22584dba3bfb87a37afc85b16fa17f11078f8b361116eb60cd9a99
[2025-11-29 17:29:42] [DEBUG] [Connection] Response sent successfully
[2025-11-29 17:29:42] [DEBUG] [Connection] Processing GetResponse message
[2025-11-29 17:29:42] [Connection] Received message from channel
[2025-11-29 17:29:42] [DEBUG] Received signal packet: TransportPacket { act: "request_fragments", to: Some("02312ceba4586a56625be5ad46f5a238736906a553cb0d1ca7c214296dc5991d5b"), data: None, protocol: SIGNAL, peer_key: "03806f899d6d22584dba3bfb87a37afc85b16fa17f11078f8b361116eb60cd9a99", uuid: "e7aa8b49-03b5-40e8-bf46-0402b02300c8", nodes: [], signature: Some("765c909bd5f4ad40edb2c384cbfc54628db6780655a9aab26a85d71a055bafd23bc743dfe0e3280c68d4c32744cb8ea6d76e9bc2126b729ec49e5c6c798e2d60") }
[2025-11-29 17:29:42] [Connection] Packet sent successfully
[2025-11-29 17:29:42] [DEBUG] From peer_key: 03806f899d6d22584dba3bfb87a37afc85b16fa17f11078f8b361116eb60cd9a99
[2025-11-29 17:34:42] [DEBUG] [Connection] Response sent successfully
[2025-11-29 17:34:42] [DEBUG] [Connection] Processing GetResponse message
[2025-11-29 17:34:42] [Connection] Received message from channel
[2025-11-29 17:34:42] [DEBUG] Received signal packet: TransportPacket { act: "request_fragments", to: Some("02312ceba4586a56625be5ad46f5a238736906a553cb0d1ca7c214296dc5991d5b"), data: None, protocol: SIGNAL, peer_key: "03806f899d6d22584dba3bfb87a37afc85b16fa17f11078f8b361116eb60cd9a99", uuid: "16cc5d49-8613-46e9-b102-4f7e91efb1a1", nodes: [], signature: Some("e6f02c98787ef338b3f085f7975df39003604f0c0453c62e0349f76526dd37dc6d65ec7d775c08c6125cc183ae7c3e366abf33468d435345c3f3f77ec3fce27a") }
[2025-11-29 17:34:42] [Connection] Packet sent successfully
[2025-11-29 17:34:42] [DEBUG] From peer_key: 03806f899d6d22584dba3bfb87a37afc85b16fa17f11078f8b361116eb60cd9a99
[2025-11-29 17:39:42] [DEBUG] [Connection] Response sent successfully
[2025-11-29 17:39:42] [DEBUG] [Connection] Processing GetResponse message
[2025-11-29 17:39:42] [Connection] Received message from channel
[2025-11-29 17:39:42] [DEBUG] Received signal packet: TransportPacket { act: "request_fragments", to: Some("02312ceba4586a56625be5ad46f5a238736906a553cb0d1ca7c214296dc5991d5b"), data: None, protocol: SIGNAL, peer_key: "03806f899d6d22584dba3bfb87a37afc85b16fa17f11078f8b361116eb60cd9a99", uuid: "264aac94-962b-4e69-91ae-533f9e3620e7", nodes: [], signature: Some("226dd56cac3b5e34f0b94baf69c17fa1ae3370eed07f94a5f68807eeab53806847dce733f81a3d125b32197247dd92ca075590567dcc97b88d26fc28046b83bb") }
[2025-11-29 17:39:42] [Connection] Packet sent successfully
[2025-11-29 17:39:42] [DEBUG] From peer_key: 03806f899d6d22584dba3bfb87a37afc85b16fa17f11078f8b361116eb60cd9a99
[2025-11-29 17:44:42] [DEBUG] [Connection] Response sent successfully
[2025-11-29 17:44:42] [DEBUG] [Connection] Processing GetResponse message
[2025-11-29 17:44:42] [Connection] Received message from channel
[2025-11-29 17:44:42] [DEBUG] Received signal packet: TransportPacket { act: "request_fragments", to: Some("02312ceba4586a56625be5ad46f5a238736906a553cb0d1ca7c214296dc5991d5b"), data: None, protocol: SIGNAL, peer_key: "03806f899d6d22584dba3bfb87a37afc85b16fa17f11078f8b361116eb60cd9a99", uuid: "b79e0536-0706-4aa5-89b1-81b5a6749802", nodes: [], signature: Some("0f6f234c1a5dc74e685bb0a3a94e39186829c3bea21621852739d94be35e4d1d2601f4b1c9731d3a4a3b48031b878ab00bb2a93051442b772149fe763899eecc") }
[2025-11-29 17:44:42] [Connection] Packet sent successfully
[2025-11-29 17:44:42] [DEBUG] From peer_key: 03806f899d6d22584dba3bfb87a37afc85b16fa17f11078f8b361116eb60cd9a99
[2025-11-29 17:49:42] [DEBUG] [Connection] Response sent successfully
[2025-11-29 17:49:42] [DEBUG] [Connection] Processing GetResponse message
[2025-11-29 17:49:42] [Connection] Received message from channel
[2025-11-29 17:49:42] [DEBUG] Received signal packet: TransportPacket { act: "request_fragments", to: Some("02312ceba4586a56625be5ad46f5a238736906a553cb0d1ca7c214296dc5991d5b"), data: None, protocol: SIGNAL, peer_key: "03806f899d6d22584dba3bfb87a37afc85b16fa17f11078f8b361116eb60cd9a99", uuid: "1a6c9f68-7b75-44c3-8468-a5f98194bbcc", nodes: [], signature: Some("418a0b97ffe727bb9e5ae86b280c67fd2cfeb2614f2e344af40083cecb9d2fee15c123259f8678da0e86ce45037ba3611c97206f15c325ea16365244a6fb5223") }
[2025-11-29 17:49:42] [Connection] Packet sent successfully
[2025-11-29 17:49:42] [DEBUG] From peer_key: 03806f899d6d22584dba3bfb87a37afc85b16fa17f11078f8b361116eb60cd9a99
[2025-11-29 17:54:42] [DEBUG] [Connection] Response sent successfully
[2025-11-29 17:54:42] [DEBUG] [Connection] Processing GetResponse message
[2025-11-29 17:54:42] [Connection] Received message from channel
[2025-11-29 17:54:42] [DEBUG] Received signal packet: TransportPacket { act: "request_fragments", to: Some("02312ceba4586a56625be5ad46f5a238736906a553cb0d1ca7c214296dc5991d5b"), data: None, protocol: SIGNAL, peer_key: "03806f899d6d22584dba3bfb87a37afc85b16fa17f11078f8b361116eb60cd9a99", uuid: "e30c97de-0572-4bf5-886a-84aee52e497d", nodes: [], signature: Some("4be23ac0d294aa878dc9ac07b14fdd748d32d2ca91dd81645ad8dea2a8611eba04cf51ef19154eac86407bc0272f5b0065f9aa7bea5fbfab7f77bd15d81d03dd") }
[2025-11-29 17:54:42] [Connection] Packet sent successfully
[2025-11-29 17:54:42] [DEBUG] From peer_key: 03806f899d6d22584dba3bfb87a37afc85b16fa17f11078f8b361116eb60cd9a99
[2025-11-29 17:59:05] [ERROR] [Connection] Connection reset by peer: Удаленный хост принудительно разорвал существующее подключение. (os error 10054)
[2025-11-29 17:59:05] [ERROR] [Connection] Failed to receive message: Connection reset by peer
[2025-11-29 17:59:05] [Connection] Attempting to reconnect (attempt 1/10)
